<?xml version="1.0" encoding="UTF-8"?>
<testsuite xmlns:xsi="http://www.w3.org/2001/XMLSchema-instance" xsi:noNamespaceSchemaLocation="https://maven.apache.org/surefire/maven-surefire-plugin/xsd/surefire-test-report-3.0.xsd" version="3.0" name="TestSuite" time="17.181" tests="3" errors="0" skipped="0" failures="1">
  <properties>
[...]
</properties>
  <testcase name="confirmTotalCountriesIs195" classname="interview.CountriesAPITest" time="7.574">
    <system-out><![CDATA[21:47:42.682 [TestNG-test-API Tests-1] INFO  interview.BaseTest - In BaseTest.setup. Set baseURI as https://restcountries.com/v3.1
21:47:42.726 [TestNG-test-API Tests-1] INFO  interview.TestNGListener - Test Started: confirmTotalCountriesIs195
21:47:50.271 [TestNG-test-API Tests-1] INFO  interview.TestNGListener - Test Passed: confirmTotalCountriesIs195
]]></system-out>
    <system-err><![CDATA[SLF4J(W): No SLF4J providers were found.
SLF4J(W): Defaulting to no-operation (NOP) logger implementation
SLF4J(W): See https://www.slf4j.org/codes.html#noProviders for further details.
SLF4J(W): Class path contains SLF4J bindings targeting slf4j-api versions 1.7.x or earlier.
SLF4J(W): Ignoring binding found at [jar:file:/root/.m2/repository/org/apache/logging/log4j/log4j-slf4j-impl/2.25.2/log4j-slf4j-impl-2.25.2.jar!/org/slf4j/impl/StaticLoggerBinder.class]
SLF4J(W): See https://www.slf4j.org/codes.html#ignoredBindings for an explanation.
]]></system-err>
  </testcase>
  <testcase name="schemaValidation" classname="interview.CountriesAPITest" time="1.116">
    <system-out><![CDATA[21:47:50.295 [TestNG-test-API Tests-1] INFO  interview.TestNGListener - Test Started: schemaValidation
21:47:51.418 [TestNG-test-API Tests-1] INFO  interview.TestNGListener - Test Passed: schemaValidation
]]></system-out>
  </testcase>
  <testcase name="validateSASLInSouthAfricaLanguages" classname="interview.CountriesAPITest" time="2.436">
    <failure message="Expected &apos;South African Sign Language (SASL)&apos; to be present in South Africa&apos;s official languages. expected [true] but found [false]" type="java.lang.AssertionError"><![CDATA[java.lang.AssertionError: Expected 'South African Sign Language (SASL)' to be present in South Africa's official languages. expected [true] but found [false]
	at org.testng.Assert.fail(Assert.java:111)
	at org.testng.Assert.failNotEquals(Assert.java:1590)
	at org.testng.Assert.assertTrue(Assert.java:57)
	at interview.CountriesAPITest.validateSASLInSouthAfricaLanguages(CountriesAPITest.java:132)
	at java.base/jdk.internal.reflect.NativeMethodAccessorImpl.invoke0(Native Method)
	at java.base/jdk.internal.reflect.NativeMethodAccessorImpl.invoke(NativeMethodAccessorImpl.java:62)
	at java.base/jdk.internal.reflect.DelegatingMethodAccessorImpl.invoke(DelegatingMethodAccessorImpl.java:43)
	at java.base/java.lang.reflect.Method.invoke(Method.java:566)
	at org.testng.internal.invokers.MethodInvocationHelper.invokeMethod(MethodInvocationHelper.java:141)
	at org.testng.internal.invokers.TestInvoker.invokeMethod(TestInvoker.java:687)
	at org.testng.internal.invokers.TestInvoker.invokeTestMethod(TestInvoker.java:230)
	at org.testng.internal.invokers.MethodRunner.runInSequence(MethodRunner.java:63)
	at org.testng.internal.invokers.TestInvoker$MethodInvocationAgent.invoke(TestInvoker.java:995)
	at org.testng.internal.invokers.TestInvoker.invokeTestMethods(TestInvoker.java:203)
	at org.testng.internal.invokers.TestMethodWorker.invokeTestMethods(TestMethodWorker.java:154)
	at org.testng.internal.invokers.TestMethodWorker.run(TestMethodWorker.java:134)
	at java.base/java.util.concurrent.Executors$RunnableAdapter.call(Executors.java:515)
	at java.base/java.util.concurrent.FutureTask.run(FutureTask.java:264)
	at org.testng.internal.thread.graph.TestNGFutureTask.run(TestNGFutureTask.java:22)
	at java.base/java.util.concurrent.ThreadPoolExecutor.runWorker(ThreadPoolExecutor.java:1128)
	at java.base/java.util.concurrent.ThreadPoolExecutor$Worker.run(ThreadPoolExecutor.java:628)
	at java.base/java.lang.Thread.run(Thread.java:829)
]]></failure>
    <system-out><![CDATA[21:47:51.420 [TestNG-test-API Tests-1] INFO  interview.TestNGListener - Test Started: validateSASLInSouthAfricaLanguages
21:47:53.818 [TestNG-test-API Tests-1] ERROR interview.TestNGListener - Test Failed: validateSASLInSouthAfricaLanguages
21:47:53.822 [TestNG-test-API Tests-1] ERROR interview.TestNGListener - Exception: 
java.lang.AssertionError: Expected 'South African Sign Language (SASL)' to be present in South Africa's official languages. expected [true] but found [false]
	at org.testng.Assert.fail(Assert.java:111)
	at org.testng.Assert.failNotEquals(Assert.java:1590)
	at org.testng.Assert.assertTrue(Assert.java:57)
	at interview.CountriesAPITest.validateSASLInSouthAfricaLanguages(CountriesAPITest.java:132)
	at java.base/jdk.internal.reflect.NativeMethodAccessorImpl.invoke0(Native Method)
	at java.base/jdk.internal.reflect.NativeMethodAccessorImpl.invoke(NativeMethodAccessorImpl.java:62)
	at java.base/jdk.internal.reflect.DelegatingMethodAccessorImpl.invoke(DelegatingMethodAccessorImpl.java:43)
	at java.base/java.lang.reflect.Method.invoke(Method.java:566)
	at org.testng.internal.invokers.MethodInvocationHelper.invokeMethod(MethodInvocationHelper.java:141)
	at org.testng.internal.invokers.TestInvoker.invokeMethod(TestInvoker.java:687)
	at org.testng.internal.invokers.TestInvoker.invokeTestMethod(TestInvoker.java:230)
	at org.testng.internal.invokers.MethodRunner.runInSequence(MethodRunner.java:63)
	at org.testng.internal.invokers.TestInvoker$MethodInvocationAgent.invoke(TestInvoker.java:995)
	at org.testng.internal.invokers.TestInvoker.invokeTestMethods(TestInvoker.java:203)
	at org.testng.internal.invokers.TestMethodWorker.invokeTestMethods(TestMethodWorker.java:154)
	at org.testng.internal.invokers.TestMethodWorker.run(TestMethodWorker.java:134)
	at java.base/java.util.concurrent.Executors$RunnableAdapter.call(Executors.java:515)
	at java.base/java.util.concurrent.FutureTask.run(FutureTask.java:264)
	at org.testng.internal.thread.graph.TestNGFutureTask.run(TestNGFutureTask.java:22)
	at java.base/java.util.concurrent.ThreadPoolExecutor.runWorker(ThreadPoolExecutor.java:1128)
	at java.base/java.util.concurrent.ThreadPoolExecutor$Worker.run(ThreadPoolExecutor.java:628)
	at java.base/java.lang.Thread.run(Thread.java:829)
]]></system-out>
  </testcase>
</testsuite>