<?xml version="1.0" encoding="UTF-8"?>
<!-- Generated by org.testng.reporters.JUnitXMLReporter -->
<testsuite ignored="0" hostname="b4a83d09629a" failures="1" tests="3" name="API Tests" time="11.327" errors="0" timestamp="2025-10-19T21:47:53 UTC">
  <testcase classname="interview.CountriesAPITest" name="confirmTotalCountriesIs195" time="7.541"/>
  <testcase classname="interview.CountriesAPITest" name="schemaValidation" time="1.123"/>
  <testcase classname="interview.CountriesAPITest" name="validateSASLInSouthAfricaLanguages" time="2.399">
    <failure type="java.lang.AssertionError" message="Expected &amp;apos;South African Sign Language (SASL)&amp;apos; to be present in South Africa&amp;apos;s official languages. expected [true] but found [false]">
      <![CDATA[java.lang.AssertionError: Expected 'South African Sign Language (SASL)' to be present in South Africa's official languages. expected [true] but found [false]
at interview.CountriesAPITest.validateSASLInSouthAfricaLanguages(CountriesAPITest.java:132)
at java.base/java.util.concurrent.Executors$RunnableAdapter.call(Executors.java:515)
at java.base/java.util.concurrent.FutureTask.run(FutureTask.java:264)
at java.base/java.util.concurrent.ThreadPoolExecutor.runWorker(ThreadPoolExecutor.java:1128)
at java.base/java.util.concurrent.ThreadPoolExecutor$Worker.run(ThreadPoolExecutor.java:628)
at java.base/java.lang.Thread.run(Thread.java:829)
... Removed 16 stack frames]]>
    </failure>
  </testcase> <!-- validateSASLInSouthAfricaLanguages -->
</testsuite> <!-- API Tests -->
