<?xml version="1.0" encoding="UTF-8"?>
<testng-results ignored="0" total="3" passed="2" failed="1" skipped="0">
  <reporter-output>
  </reporter-output>
  <suite started-at="2025-10-20T09:31:30 NZDT" name="Parallel Test Suite" finished-at="2025-10-20T09:31:36 NZDT" duration-ms="6083">
    <groups>
    </groups>
    <test started-at="2025-10-20T09:31:30 NZDT" name="API Tests" finished-at="2025-10-20T09:31:36 NZDT" duration-ms="6083">
      <class name="interview.CountriesAPITest">
        <test-method is-config="true" signature="setup()[pri:0, instance:interview.CountriesAPITest@4d18aa28]" started-at="2025-10-20T09:31:30 NZDT" name="setup" finished-at="2025-10-20T09:31:30 NZDT" duration-ms="23" status="PASS">
          <reporter-output>
          </reporter-output>
        </test-method> <!-- setup -->
        <test-method signature="confirmTotalCountriesIs195()[pri:0, instance:interview.CountriesAPITest@4d18aa28]" started-at="2025-10-20T09:31:30 NZDT" name="confirmTotalCountriesIs195" finished-at="2025-10-20T09:31:34 NZDT" duration-ms="4049" status="PASS">
          <reporter-output>
          </reporter-output>
        </test-method> <!-- confirmTotalCountriesIs195 -->
        <test-method signature="schemaValidation()[pri:0, instance:interview.CountriesAPITest@4d18aa28]" started-at="2025-10-20T09:31:34 NZDT" name="schemaValidation" finished-at="2025-10-20T09:31:35 NZDT" duration-ms="776" status="PASS">
          <reporter-output>
          </reporter-output>
        </test-method> <!-- schemaValidation -->
        <test-method signature="validateSASLInSouthAfricaLanguages()[pri:0, instance:interview.CountriesAPITest@4d18aa28]" started-at="2025-10-20T09:31:35 NZDT" name="validateSASLInSouthAfricaLanguages" finished-at="2025-10-20T09:31:36 NZDT" duration-ms="1176" status="FAIL">
          <exception class="java.lang.AssertionError">
            <message>
              <![CDATA[Expected 'South African Sign Language (SASL)' to be present in South Africa's official languages. expected [true] but found [false]]]>
            </message>
            <full-stacktrace>
              <![CDATA[java.lang.AssertionError: Expected 'South African Sign Language (SASL)' to be present in South Africa's official languages. expected [true] but found [false]
at org.testng.Assert.fail(Assert.java:111)
at org.testng.Assert.failNotEquals(Assert.java:1590)
at org.testng.Assert.assertTrue(Assert.java:57)
at interview.CountriesAPITest.validateSASLInSouthAfricaLanguages(CountriesAPITest.java:132)
at java.base/jdk.internal.reflect.NativeMethodAccessorImpl.invoke0(Native Method)
at java.base/jdk.internal.reflect.NativeMethodAccessorImpl.invoke(NativeMethodAccessorImpl.java:62)
at java.base/jdk.internal.reflect.DelegatingMethodAccessorImpl.invoke(DelegatingMethodAccessorImpl.java:43)
at java.base/java.lang.reflect.Method.invoke(Method.java:566)
at org.testng.internal.invokers.MethodInvocationHelper.invokeMethod(MethodInvocationHelper.java:141)
at org.testng.internal.invokers.TestInvoker.invokeMethod(TestInvoker.java:687)
at org.testng.internal.invokers.TestInvoker.invokeTestMethod(TestInvoker.java:230)
at org.testng.internal.invokers.MethodRunner.runInSequence(MethodRunner.java:63)
at org.testng.internal.invokers.TestInvoker$MethodInvocationAgent.invoke(TestInvoker.java:995)
at org.testng.internal.invokers.TestInvoker.invokeTestMethods(TestInvoker.java:203)
at org.testng.internal.invokers.TestMethodWorker.invokeTestMethods(TestMethodWorker.java:154)
at org.testng.internal.invokers.TestMethodWorker.run(TestMethodWorker.java:134)
at java.base/java.util.concurrent.Executors$RunnableAdapter.call(Executors.java:515)
at java.base/java.util.concurrent.FutureTask.run(FutureTask.java:264)
at org.testng.internal.thread.graph.TestNGFutureTask.run(TestNGFutureTask.java:22)
at java.base/java.util.concurrent.ThreadPoolExecutor.runWorker(ThreadPoolExecutor.java:1128)
at java.base/java.util.concurrent.ThreadPoolExecutor$Worker.run(ThreadPoolExecutor.java:628)
at java.base/java.lang.Thread.run(Thread.java:834)
]]>
            </full-stacktrace>
          </exception> <!-- java.lang.AssertionError -->
          <reporter-output>
          </reporter-output>
        </test-method> <!-- validateSASLInSouthAfricaLanguages -->
      </class> <!-- interview.CountriesAPITest -->
    </test> <!-- API Tests -->
  </suite> <!-- Parallel Test Suite -->
</testng-results>
